<?xml version="1.0" encoding="UTF-8"?>
<!-- Generated by org.testng.reporters.JUnitReportReporter -->
<testsuite hostname="DESKTOP-H4KFMF6" failures="0" tests="4" name="test.LoginTest" time="3.996" errors="0" timestamp="2023-02-09T11:52:57 IST" skipped="0">
  <testcase classname="test.LoginTest" name="verifyBuildTitleName" time="0.024"/>
  <system-out/>
  <testcase classname="test.LoginTest" name="verifyTitleofLoginPage" time="0.704"/>
  <system-out/>
  <testcase classname="test.LoginTest" name="verifyCurrentUrlofPage" time="0.018"/>
  <system-out/>
  <testcase classname="test.LoginTest" name="verifyLoginwithCorrectCredientials" time="3.250"/>
  <system-out/>
</testsuite> <!-- test.LoginTest -->
