<?xml version="1.0" encoding="UTF-8"?>
<!-- Generated by org.testng.reporters.JUnitReportReporter -->
<testsuite hostname="DESKTOP-H4KFMF6" failures="0" tests="2" name="testngnewp.Newprogg" time="0.013" errors="0" timestamp="2023-02-06T20:19:45 IST" skipped="0">
  <testcase classname="testngnewp.Newprogg" name="testcase1" time="0.011"/>
  <system-out/>
  <testcase classname="testngnewp.Newprogg" name="testcase2" time="0.002"/>
  <system-out/>
</testsuite> <!-- testngnewp.Newprogg -->
