<?xml version="1.0" encoding="UTF-8"?>
<!-- Generated by org.testng.reporters.JUnitReportReporter -->
<testsuite hostname="DESKTOP-H4KFMF6" failures="0" tests="4" name="test.LoginTest" time="2.888" errors="0" timestamp="2023-02-08T06:35:57 IST" skipped="0">
  <testcase classname="test.LoginTest" name="verifyBuildTitleName" time="0.019"/>
  <system-out/>
  <testcase classname="test.LoginTest" name="verifyTitleofLoginPage" time="0.449"/>
  <system-out/>
  <testcase classname="test.LoginTest" name="verifyCurrentUrlofPage" time="0.014"/>
  <system-out/>
  <testcase classname="test.LoginTest" name="verifyLoginwithCorrectCredientials" time="2.406"/>
  <system-out/>
</testsuite> <!-- test.LoginTest -->
